  [1m[36m (137.7ms)[0m  [1mCREATE TABLE "schema_migrations" ("version" varchar NOT NULL) [0m
  [1m[35m (0.1ms)[0m  select sqlite_version(*)
  [1m[36m (133.3ms)[0m  [1mCREATE UNIQUE INDEX "unique_schema_migrations" ON "schema_migrations" ("version")[0m
  [1m[35mActiveRecord::SchemaMigration Load (0.1ms)[0m  SELECT "schema_migrations".* FROM "schema_migrations"
  [1m[36m (107.1ms)[0m  [1mCREATE TABLE "schema_migrations" ("version" character varying NOT NULL) [0m
  [1m[35m (64.9ms)[0m  CREATE UNIQUE INDEX  "unique_schema_migrations" ON "schema_migrations"  ("version")
  [1m[36mActiveRecord::SchemaMigration Load (0.2ms)[0m  [1mSELECT "schema_migrations".* FROM "schema_migrations"[0m
Migrating to CreateUsers (20130404134350)
  [1m[35m (0.1ms)[0m  BEGIN
DEPRECATION WARNING: `#timestamps` was called without specifying an option for `null`. In Rails 5, this behavior will change to `null: false`. You should manually specify `null: true` to prevent the behavior of your existing migrations from changing. (called from block in change at /home/enzo/Escritorio/needy/db/migrate/20130404134350_create_users.rb:18)
  [1m[36m (72.0ms)[0m  [1mCREATE TABLE "users" ("id" serial primary key, "first_name" character varying, "last_name" character varying, "slug" character varying, "email" character varying, "image" character varying, "password_salt" character varying, "password_hash" character varying, "active" boolean DEFAULT 'f', "admin" boolean DEFAULT 'f', "first_login" boolean DEFAULT 't', "deleted" boolean DEFAULT 'f', "sign_in_count" integer DEFAULT 0, "last_sign_in_at" timestamp, "created_at" timestamp, "updated_at" timestamp) [0m
  [1m[35m (43.3ms)[0m  CREATE UNIQUE INDEX  "index_users_on_slug" ON "users"  ("slug")
  [1m[36mSQL (0.3ms)[0m  [1mINSERT INTO "schema_migrations" ("version") VALUES ($1)[0m  [["version", "20130404134350"]]
  [1m[35m (14.5ms)[0m  COMMIT
Migrating to CreateTokens (20130404134415)
  [1m[36m (0.2ms)[0m  [1mBEGIN[0m
DEPRECATION WARNING: `#timestamps` was called without specifying an option for `null`. In Rails 5, this behavior will change to `null: false`. You should manually specify `null: true` to prevent the behavior of your existing migrations from changing. (called from block in change at /home/enzo/Escritorio/needy/db/migrate/20130404134415_create_tokens.rb:7)
  [1m[35m (79.3ms)[0m  CREATE TABLE "tokens" ("id" serial primary key, "user_id" integer, "value" character varying, "created_at" timestamp, "updated_at" timestamp) 
  [1m[36mSQL (0.2ms)[0m  [1mINSERT INTO "schema_migrations" ("version") VALUES ($1)[0m  [["version", "20130404134415"]]
  [1m[35m (18.2ms)[0m  COMMIT
Migrating to CreateBlacklists (20130814163520)
  [1m[36m (0.2ms)[0m  [1mBEGIN[0m
DEPRECATION WARNING: `#timestamps` was called without specifying an option for `null`. In Rails 5, this behavior will change to `null: false`. You should manually specify `null: true` to prevent the behavior of your existing migrations from changing. (called from block in change at /home/enzo/Escritorio/needy/db/migrate/20130814163520_create_blacklists.rb:8)
  [1m[35m (91.0ms)[0m  CREATE TABLE "blacklists" ("id" serial primary key, "email_to" character varying, "email_from" character varying, "global" boolean, "created_at" timestamp, "updated_at" timestamp) 
  [1m[36mSQL (0.2ms)[0m  [1mINSERT INTO "schema_migrations" ("version") VALUES ($1)[0m  [["version", "20130814163520"]]
  [1m[35m (17.7ms)[0m  COMMIT
Migrating to AddAttachmentAvatarToUser (20130815192757)
  [1m[36m (0.2ms)[0m  [1mBEGIN[0m
  [1m[35m (0.2ms)[0m  ALTER TABLE "users" ADD "avatar_file_name" character varying
  [1m[36m (0.1ms)[0m  [1mALTER TABLE "users" ADD "avatar_content_type" character varying[0m
  [1m[35m (0.1ms)[0m  ALTER TABLE "users" ADD "avatar_file_size" integer
  [1m[36m (0.1ms)[0m  [1mALTER TABLE "users" ADD "avatar_updated_at" timestamp[0m
  [1m[35mSQL (0.1ms)[0m  INSERT INTO "schema_migrations" ("version") VALUES ($1)  [["version", "20130815192757"]]
  [1m[36m (7.2ms)[0m  [1mCOMMIT[0m
Migrating to CreateFriendlyIdSlugs (20140502215800)
  [1m[35m (0.1ms)[0m  BEGIN
  [1m[36m (102.9ms)[0m  [1mCREATE TABLE "friendly_id_slugs" ("id" serial primary key, "slug" character varying NOT NULL, "sluggable_id" integer NOT NULL, "sluggable_type" character varying(50), "scope" character varying, "created_at" timestamp) [0m
  [1m[35m (32.3ms)[0m  CREATE  INDEX  "index_friendly_id_slugs_on_sluggable_id" ON "friendly_id_slugs"  ("sluggable_id")
  [1m[36m (32.0ms)[0m  [1mCREATE  INDEX  "index_friendly_id_slugs_on_slug_and_sluggable_type" ON "friendly_id_slugs"  ("slug", "sluggable_type")[0m
  [1m[35m (54.3ms)[0m  CREATE UNIQUE INDEX  "index_friendly_id_slugs_on_slug_and_sluggable_type_and_scope" ON "friendly_id_slugs"  ("slug", "sluggable_type", "scope")
  [1m[36m (32.2ms)[0m  [1mCREATE  INDEX  "index_friendly_id_slugs_on_sluggable_type" ON "friendly_id_slugs"  ("sluggable_type")[0m
  [1m[35mSQL (0.2ms)[0m  INSERT INTO "schema_migrations" ("version") VALUES ($1)  [["version", "20140502215800"]]
  [1m[36m (14.9ms)[0m  [1mCOMMIT[0m
Migrating to CreateUserOauths (20140804214151)
  [1m[35m (0.2ms)[0m  BEGIN
DEPRECATION WARNING: `#timestamps` was called without specifying an option for `null`. In Rails 5, this behavior will change to `null: false`. You should manually specify `null: true` to prevent the behavior of your existing migrations from changing. (called from block in change at /home/enzo/Escritorio/needy/db/migrate/20140804214151_create_user_oauths.rb:10)
  [1m[36m (85.5ms)[0m  [1mCREATE TABLE "user_oauths" ("id" serial primary key, "user_id" integer, "provider" character varying, "uid" character varying, "oauth_token" character varying, "oauth_expires_at" timestamp, "created_at" timestamp, "updated_at" timestamp) [0m
  [1m[35mSQL (0.2ms)[0m  INSERT INTO "schema_migrations" ("version") VALUES ($1)  [["version", "20140804214151"]]
  [1m[36m (23.1ms)[0m  [1mCOMMIT[0m
Migrating to CreateApiKeys (20140820214356)
  [1m[35m (0.2ms)[0m  BEGIN
DEPRECATION WARNING: `#timestamps` was called without specifying an option for `null`. In Rails 5, this behavior will change to `null: false`. You should manually specify `null: true` to prevent the behavior of your existing migrations from changing. (called from block in change at /home/enzo/Escritorio/needy/db/migrate/20140820214356_create_api_keys.rb:8)
  [1m[36m (97.3ms)[0m  [1mCREATE TABLE "api_keys" ("id" serial primary key, "user_id" integer, "public_key" character varying, "access_token" character varying, "created_at" timestamp, "updated_at" timestamp) [0m
  [1m[35mSQL (0.1ms)[0m  INSERT INTO "schema_migrations" ("version") VALUES ($1)  [["version", "20140820214356"]]
  [1m[36m (11.1ms)[0m  [1mCOMMIT[0m
  [1m[35mActiveRecord::SchemaMigration Load (0.2ms)[0m  SELECT "schema_migrations".* FROM "schema_migrations"
  [1m[36m (15.5ms)[0m  [1mSELECT t2.oid::regclass::text AS to_table, a1.attname AS column, a2.attname AS primary_key, c.conname AS name, c.confupdtype AS on_update, c.confdeltype AS on_delete
FROM pg_constraint c
JOIN pg_class t1 ON c.conrelid = t1.oid
JOIN pg_class t2 ON c.confrelid = t2.oid
JOIN pg_attribute a1 ON a1.attnum = c.conkey[1] AND a1.attrelid = t1.oid
JOIN pg_attribute a2 ON a2.attnum = c.confkey[1] AND a2.attrelid = t2.oid
JOIN pg_namespace t3 ON c.connamespace = t3.oid
WHERE c.contype = 'f'
  AND t1.relname = 'api_keys'
  AND t3.nspname = ANY (current_schemas(false))
ORDER BY c.conname
[0m
  [1m[35m (1.8ms)[0m  SELECT t2.oid::regclass::text AS to_table, a1.attname AS column, a2.attname AS primary_key, c.conname AS name, c.confupdtype AS on_update, c.confdeltype AS on_delete
FROM pg_constraint c
JOIN pg_class t1 ON c.conrelid = t1.oid
JOIN pg_class t2 ON c.confrelid = t2.oid
JOIN pg_attribute a1 ON a1.attnum = c.conkey[1] AND a1.attrelid = t1.oid
JOIN pg_attribute a2 ON a2.attnum = c.confkey[1] AND a2.attrelid = t2.oid
JOIN pg_namespace t3 ON c.connamespace = t3.oid
WHERE c.contype = 'f'
  AND t1.relname = 'blacklists'
  AND t3.nspname = ANY (current_schemas(false))
ORDER BY c.conname

  [1m[36m (1.9ms)[0m  [1mSELECT t2.oid::regclass::text AS to_table, a1.attname AS column, a2.attname AS primary_key, c.conname AS name, c.confupdtype AS on_update, c.confdeltype AS on_delete
FROM pg_constraint c
JOIN pg_class t1 ON c.conrelid = t1.oid
JOIN pg_class t2 ON c.confrelid = t2.oid
JOIN pg_attribute a1 ON a1.attnum = c.conkey[1] AND a1.attrelid = t1.oid
JOIN pg_attribute a2 ON a2.attnum = c.confkey[1] AND a2.attrelid = t2.oid
JOIN pg_namespace t3 ON c.connamespace = t3.oid
WHERE c.contype = 'f'
  AND t1.relname = 'friendly_id_slugs'
  AND t3.nspname = ANY (current_schemas(false))
ORDER BY c.conname
[0m
  [1m[35m (1.9ms)[0m  SELECT t2.oid::regclass::text AS to_table, a1.attname AS column, a2.attname AS primary_key, c.conname AS name, c.confupdtype AS on_update, c.confdeltype AS on_delete
FROM pg_constraint c
JOIN pg_class t1 ON c.conrelid = t1.oid
JOIN pg_class t2 ON c.confrelid = t2.oid
JOIN pg_attribute a1 ON a1.attnum = c.conkey[1] AND a1.attrelid = t1.oid
JOIN pg_attribute a2 ON a2.attnum = c.confkey[1] AND a2.attrelid = t2.oid
JOIN pg_namespace t3 ON c.connamespace = t3.oid
WHERE c.contype = 'f'
  AND t1.relname = 'tokens'
  AND t3.nspname = ANY (current_schemas(false))
ORDER BY c.conname

  [1m[36m (1.9ms)[0m  [1mSELECT t2.oid::regclass::text AS to_table, a1.attname AS column, a2.attname AS primary_key, c.conname AS name, c.confupdtype AS on_update, c.confdeltype AS on_delete
FROM pg_constraint c
JOIN pg_class t1 ON c.conrelid = t1.oid
JOIN pg_class t2 ON c.confrelid = t2.oid
JOIN pg_attribute a1 ON a1.attnum = c.conkey[1] AND a1.attrelid = t1.oid
JOIN pg_attribute a2 ON a2.attnum = c.confkey[1] AND a2.attrelid = t2.oid
JOIN pg_namespace t3 ON c.connamespace = t3.oid
WHERE c.contype = 'f'
  AND t1.relname = 'user_oauths'
  AND t3.nspname = ANY (current_schemas(false))
ORDER BY c.conname
[0m
  [1m[35m (2.0ms)[0m  SELECT t2.oid::regclass::text AS to_table, a1.attname AS column, a2.attname AS primary_key, c.conname AS name, c.confupdtype AS on_update, c.confdeltype AS on_delete
FROM pg_constraint c
JOIN pg_class t1 ON c.conrelid = t1.oid
JOIN pg_class t2 ON c.confrelid = t2.oid
JOIN pg_attribute a1 ON a1.attnum = c.conkey[1] AND a1.attrelid = t1.oid
JOIN pg_attribute a2 ON a2.attnum = c.confkey[1] AND a2.attrelid = t2.oid
JOIN pg_namespace t3 ON c.connamespace = t3.oid
WHERE c.contype = 'f'
  AND t1.relname = 'users'
  AND t3.nspname = ANY (current_schemas(false))
ORDER BY c.conname

  [1m[36mActiveRecord::SchemaMigration Load (0.3ms)[0m  [1mSELECT "schema_migrations".* FROM "schema_migrations"[0m
  [1m[35mUser Load (0.5ms)[0m  SELECT  "users".* FROM "users" WHERE "users"."email" = $1  ORDER BY "users"."id" ASC LIMIT 1  [["email", "admin@example.com"]]
  [1m[36m (0.2ms)[0m  [1mBEGIN[0m
  [1m[35mUser Exists (0.2ms)[0m  SELECT  1 AS one FROM "users" WHERE ("users"."id" IS NOT NULL) AND "users"."slug" = $1 LIMIT 1  [["slug", ""]]
  [1m[36mUser Exists (0.2ms)[0m  [1mSELECT  1 AS one FROM "users" WHERE "users"."email" = 'admin@example.com' LIMIT 1[0m
  [1m[35m (0.1ms)[0m  ROLLBACK
  [1m[36m (0.1ms)[0m  [1mBEGIN[0m
  [1m[35mUser Exists (0.2ms)[0m  SELECT  1 AS one FROM "users" WHERE "users"."email" = 'admin@example.com' LIMIT 1
  [1m[36mSQL (0.4ms)[0m  [1mINSERT INTO "users" ("email", "slug", "first_name", "last_name", "password_salt", "password_hash", "created_at", "updated_at") VALUES ($1, $2, $3, $4, $5, $6, $7, $8) RETURNING "id"[0m  [["email", "admin@example.com"], ["slug", ""], ["first_name", "My"], ["last_name", "Name"], ["password_salt", "$2a$10$II/xwzvRE6MFZpnx/o9djO"], ["password_hash", "$2a$10$II/xwzvRE6MFZpnx/o9djOdDljcWYta9vAtQzr/qiu4wfhh8CuscW"], ["created_at", "2015-12-27 20:54:41.439373"], ["updated_at", "2015-12-27 20:54:41.439373"]]
  [1m[35m (28.8ms)[0m  COMMIT
  [1m[36m (0.1ms)[0m  [1mBEGIN[0m
  [1m[35mUser Exists (0.2ms)[0m  SELECT  1 AS one FROM "users" WHERE ("users"."id" != $1) AND "users"."slug" = $2 LIMIT 1  [["id", 1], ["slug", "my-name"]]
  [1m[36mUser Exists (0.2ms)[0m  [1mSELECT  1 AS one FROM "users" WHERE ("users"."email" = 'admin@example.com' AND "users"."id" != 1) LIMIT 1[0m
  [1m[35mSQL (0.2ms)[0m  UPDATE "users" SET "slug" = $1, "password_salt" = $2, "password_hash" = $3, "updated_at" = $4 WHERE "users"."id" = $5  [["slug", "my-name"], ["password_salt", "$2a$10$q/iDKGvSDiC7rN1w2t4OTu"], ["password_hash", "$2a$10$q/iDKGvSDiC7rN1w2t4OTuOqiE6KcgCMbv5IS.CLGqwbb1xRfXEPu"], ["updated_at", "2015-12-27 20:54:41.548742"], ["id", 1]]
  [1m[36m (8.3ms)[0m  [1mCOMMIT[0m
  [1m[35m (0.2ms)[0m  BEGIN
  [1m[36mSQL (0.3ms)[0m  [1mUPDATE "users" SET "active" = $1, "password_salt" = $2, "password_hash" = $3, "updated_at" = $4 WHERE "users"."id" = $5[0m  [["active", "t"], ["password_salt", "$2a$10$LrdYdg5p94T0esjbogPYC."], ["password_hash", "$2a$10$LrdYdg5p94T0esjbogPYC.y1YY1W6KF6mHGiV6VGQkDsByzfP4xKK"], ["updated_at", "2015-12-27 20:54:41.641040"], ["id", 1]]
  [1m[35m (5.4ms)[0m  COMMIT
  [1m[36m (0.1ms)[0m  [1mBEGIN[0m
  [1m[35mSQL (0.3ms)[0m  UPDATE "users" SET "admin" = $1, "password_salt" = $2, "password_hash" = $3, "updated_at" = $4 WHERE "users"."id" = $5  [["admin", "t"], ["password_salt", "$2a$10$THxGdMKOKap988eZE1xkV."], ["password_hash", "$2a$10$THxGdMKOKap988eZE1xkV.LHyz20RP3UdlE1RBWvWU1pY8hPSASy."], ["updated_at", "2015-12-27 20:54:41.726586"], ["id", 1]]
  [1m[36m (8.6ms)[0m  [1mCOMMIT[0m


Started GET "/" for 127.0.0.1 at 2015-12-27 17:55:35 -0300
  [1m[36mActiveRecord::SchemaMigration Load (0.4ms)[0m  [1mSELECT "schema_migrations".* FROM "schema_migrations"[0m
Processing by HomeController#index as HTML
  Rendered home/index.html.haml within layouts/application (2.2ms)
  Rendered layouts/_slidemenu.html.haml (6.4ms)
  Rendered layouts/_navigation.html.haml (3.1ms)
  Rendered layouts/_navigation.html.haml (0.5ms)
  Rendered layouts/_messages.html.haml (1.4ms)
  Rendered users/_form.html.haml (39.7ms)
  Rendered sessions/_register.html.haml (43.5ms)
  Rendered layouts/_footer.html.haml (2.9ms)
  Rendered layouts/_footer.html.haml (0.3ms)
Completed 200 OK in 6751ms (Views: 6519.6ms | ActiveRecord: 3.0ms)


Started GET "/" for 127.0.0.1 at 2015-12-27 17:55:42 -0300
Processing by HomeController#index as HTML
  Rendered home/index.html.haml within layouts/application (0.3ms)
  Rendered layouts/_slidemenu.html.haml (0.8ms)
  Rendered layouts/_navigation.html.haml (0.7ms)
  Rendered layouts/_navigation.html.haml (0.5ms)
  Rendered layouts/_messages.html.haml (0.1ms)
  Rendered users/_form.html.haml (1.9ms)
  Rendered sessions/_register.html.haml (3.5ms)
  Rendered layouts/_footer.html.haml (0.5ms)
  Rendered layouts/_footer.html.haml (0.3ms)
Completed 200 OK in 23ms (Views: 23.0ms | ActiveRecord: 0.0ms)


Started GET "/" for 127.0.0.1 at 2015-12-27 19:08:40 -0300
  [1m[36mActiveRecord::SchemaMigration Load (0.4ms)[0m  [1mSELECT "schema_migrations".* FROM "schema_migrations"[0m
Processing by HomeController#index as HTML
  Rendered home/index.html.haml within layouts/application (2.4ms)
  Rendered layouts/_slidemenu.html.haml (3.5ms)
  Rendered layouts/_navigation.html.haml (2.9ms)
  Rendered layouts/_navigation.html.haml (0.3ms)
  Rendered layouts/_messages.html.haml (1.2ms)
  Rendered users/_form.html.haml (53.8ms)
  Rendered sessions/_register.html.haml (57.0ms)
  Rendered layouts/_footer.html.haml (3.8ms)
  Rendered layouts/_footer.html.haml (0.4ms)
Completed 200 OK in 2039ms (Views: 1795.4ms | ActiveRecord: 10.7ms)


Started GET "/" for 127.0.0.1 at 2015-12-27 19:08:42 -0300
Processing by HomeController#index as HTML
  Rendered home/index.html.haml within layouts/application (0.4ms)
  Rendered layouts/_slidemenu.html.haml (0.9ms)
  Rendered layouts/_navigation.html.haml (1.3ms)
  Rendered layouts/_navigation.html.haml (0.8ms)
  Rendered layouts/_messages.html.haml (0.5ms)
  Rendered users/_form.html.haml (1.6ms)
  Rendered sessions/_register.html.haml (2.9ms)
  Rendered layouts/_footer.html.haml (0.4ms)
  Rendered layouts/_footer.html.haml (0.4ms)
Completed 200 OK in 28ms (Views: 27.6ms | ActiveRecord: 0.0ms)


Started GET "/" for 127.0.0.1 at 2015-12-27 19:08:47 -0300
Processing by HomeController#index as HTML
  Rendered home/index.html.haml within layouts/application (0.4ms)
  Rendered layouts/_slidemenu.html.haml (0.6ms)
  Rendered layouts/_navigation.html.haml (0.6ms)
  Rendered layouts/_navigation.html.haml (0.8ms)
  Rendered layouts/_messages.html.haml (0.1ms)
  Rendered users/_form.html.haml (1.7ms)
  Rendered sessions/_register.html.haml (2.6ms)
  Rendered layouts/_footer.html.haml (0.3ms)
  Rendered layouts/_footer.html.haml (0.2ms)
Completed 200 OK in 23ms (Views: 22.5ms | ActiveRecord: 0.0ms)


Started GET "/" for 127.0.0.1 at 2015-12-27 19:10:43 -0300
Processing by HomeController#index as HTML
  Rendered home/index.html.haml within layouts/application (0.2ms)
  Rendered layouts/_slidemenu.html.haml (1.0ms)
  Rendered layouts/_navigation.html.haml (0.7ms)
  Rendered layouts/_navigation.html.haml (0.7ms)
  Rendered layouts/_messages.html.haml (0.1ms)
  Rendered users/_form.html.haml (1.3ms)
  Rendered sessions/_register.html.haml (2.1ms)
  Rendered layouts/_footer.html.haml (0.3ms)
  Rendered layouts/_footer.html.haml (0.2ms)
Completed 200 OK in 93ms (Views: 92.5ms | ActiveRecord: 0.0ms)


Started GET "/" for 127.0.0.1 at 2015-12-27 19:15:45 -0300
Processing by HomeController#index as HTML
  Rendered home/index.html.haml within layouts/application (0.4ms)
  Rendered layouts/_slidemenu.html.haml (0.5ms)
  Rendered layouts/_navigation.html.haml (0.4ms)
  Rendered layouts/_navigation.html.haml (0.3ms)
  Rendered layouts/_messages.html.haml (0.1ms)
  Rendered users/_form.html.haml (1.1ms)
  Rendered sessions/_register.html.haml (1.8ms)
  Rendered layouts/_footer.html.haml (0.2ms)
  Rendered layouts/_footer.html.haml (0.1ms)
Completed 200 OK in 85ms (Views: 84.3ms | ActiveRecord: 0.0ms)


Started GET "/" for 127.0.0.1 at 2015-12-27 19:16:26 -0300
Processing by HomeController#index as HTML
  Rendered home/index.html.haml within layouts/application (0.4ms)
  Rendered layouts/_slidemenu.html.haml (1.1ms)
  Rendered layouts/_navigation.html.haml (0.7ms)
  Rendered layouts/_navigation.html.haml (0.6ms)
  Rendered layouts/_messages.html.haml (0.1ms)
  Rendered users/_form.html.haml (1.7ms)
  Rendered sessions/_register.html.haml (3.0ms)
  Rendered layouts/_footer.html.haml (0.3ms)
  Rendered layouts/_footer.html.haml (0.3ms)
Completed 200 OK in 78ms (Views: 77.4ms | ActiveRecord: 0.0ms)


Started GET "/" for 127.0.0.1 at 2015-12-27 19:17:28 -0300
Processing by HomeController#index as HTML
  Rendered home/index.html.haml within layouts/application (0.5ms)
  Rendered layouts/_slidemenu.html.haml (0.5ms)
  Rendered layouts/_navigation.html.haml (0.4ms)
  Rendered layouts/_navigation.html.haml (0.5ms)
  Rendered layouts/_messages.html.haml (0.3ms)
  Rendered users/_form.html.haml (2.3ms)
  Rendered sessions/_register.html.haml (3.9ms)
  Rendered layouts/_footer.html.haml (0.2ms)
  Rendered layouts/_footer.html.haml (0.2ms)
Completed 200 OK in 31ms (Views: 30.5ms | ActiveRecord: 0.0ms)


Started GET "/" for 127.0.0.1 at 2015-12-27 19:19:01 -0300
Processing by HomeController#index as HTML
  Rendered home/index.html.haml within layouts/application (0.4ms)
  Rendered layouts/_slidemenu.html.haml (0.5ms)
  Rendered layouts/_navigation.html.haml (0.4ms)
  Rendered layouts/_navigation.html.haml (0.6ms)
  Rendered layouts/_messages.html.haml (0.1ms)
  Rendered users/_form.html.haml (1.7ms)
  Rendered sessions/_register.html.haml (2.8ms)
  Rendered layouts/_footer.html.haml (0.2ms)
  Rendered layouts/_footer.html.haml (0.2ms)
Completed 200 OK in 117ms (Views: 116.3ms | ActiveRecord: 0.0ms)


Started GET "/" for 127.0.0.1 at 2015-12-27 19:19:21 -0300
Processing by HomeController#index as HTML
  Rendered home/index.html.haml within layouts/application (0.3ms)
  Rendered layouts/_slidemenu.html.haml (0.6ms)
  Rendered layouts/_navigation.html.haml (0.5ms)
  Rendered layouts/_navigation.html.haml (0.4ms)
  Rendered layouts/_messages.html.haml (0.1ms)
  Rendered users/_form.html.haml (1.2ms)
  Rendered sessions/_register.html.haml (2.1ms)
  Rendered layouts/_footer.html.haml (0.2ms)
  Rendered layouts/_footer.html.haml (0.3ms)
Completed 200 OK in 98ms (Views: 97.5ms | ActiveRecord: 0.0ms)


Started GET "/" for 127.0.0.1 at 2015-12-27 19:20:54 -0300
Processing by HomeController#index as HTML
  Rendered home/index.html.haml within layouts/application (0.2ms)
  Rendered layouts/_slidemenu.html.haml (0.7ms)
  Rendered layouts/_navigation.html.haml (0.6ms)
  Rendered layouts/_navigation.html.haml (0.6ms)
  Rendered layouts/_messages.html.haml (0.4ms)
  Rendered users/_form.html.haml (1.4ms)
  Rendered sessions/_register.html.haml (2.5ms)
  Rendered layouts/_footer.html.haml (0.2ms)
  Rendered layouts/_footer.html.haml (0.2ms)
Completed 200 OK in 76ms (Views: 75.6ms | ActiveRecord: 0.0ms)


Started GET "/" for 127.0.0.1 at 2015-12-27 19:22:12 -0300
Processing by HomeController#index as HTML
  Rendered home/index.html.haml within layouts/application (0.4ms)
  Rendered layouts/_slidemenu.html.haml (0.5ms)
  Rendered layouts/_navigation.html.haml (0.4ms)
  Rendered layouts/_navigation.html.haml (0.4ms)
  Rendered layouts/_messages.html.haml (0.1ms)
  Rendered users/_form.html.haml (1.6ms)
  Rendered sessions/_register.html.haml (2.7ms)
  Rendered layouts/_footer.html.haml (0.3ms)
  Rendered layouts/_footer.html.haml (0.2ms)
Completed 200 OK in 122ms (Views: 121.8ms | ActiveRecord: 0.0ms)


Started GET "/" for 127.0.0.1 at 2015-12-27 19:22:13 -0300
Processing by HomeController#index as HTML
  Rendered home/index.html.haml within layouts/application (0.3ms)
  Rendered layouts/_slidemenu.html.haml (0.5ms)
  Rendered layouts/_navigation.html.haml (0.3ms)
  Rendered layouts/_navigation.html.haml (0.3ms)
  Rendered layouts/_messages.html.haml (0.1ms)
  Rendered users/_form.html.haml (1.0ms)
  Rendered sessions/_register.html.haml (1.8ms)
  Rendered layouts/_footer.html.haml (0.2ms)
  Rendered layouts/_footer.html.haml (0.1ms)
Completed 200 OK in 19ms (Views: 19.1ms | ActiveRecord: 0.0ms)


Started GET "/" for 127.0.0.1 at 2015-12-27 19:22:21 -0300
Processing by HomeController#index as HTML
  Rendered home/index.html.haml within layouts/application (0.5ms)
  Rendered layouts/_slidemenu.html.haml (0.7ms)
  Rendered layouts/_navigation.html.haml (0.4ms)
  Rendered layouts/_navigation.html.haml (0.3ms)
  Rendered layouts/_messages.html.haml (0.1ms)
  Rendered users/_form.html.haml (1.0ms)
  Rendered sessions/_register.html.haml (1.9ms)
  Rendered layouts/_footer.html.haml (0.2ms)
  Rendered layouts/_footer.html.haml (0.1ms)
Completed 200 OK in 96ms (Views: 95.5ms | ActiveRecord: 0.0ms)


Started GET "/" for 127.0.0.1 at 2015-12-27 19:22:41 -0300
Processing by HomeController#index as HTML
  Rendered home/index.html.haml within layouts/application (0.4ms)
  Rendered layouts/_slidemenu.html.haml (0.5ms)
  Rendered layouts/_navigation.html.haml (0.4ms)
  Rendered layouts/_navigation.html.haml (0.4ms)
  Rendered layouts/_messages.html.haml (0.1ms)
  Rendered users/_form.html.haml (1.4ms)
  Rendered sessions/_register.html.haml (2.3ms)
  Rendered layouts/_footer.html.haml (0.2ms)
  Rendered layouts/_footer.html.haml (0.1ms)
Completed 200 OK in 71ms (Views: 70.8ms | ActiveRecord: 0.0ms)


Started GET "/" for 127.0.0.1 at 2015-12-27 19:23:11 -0300
Processing by HomeController#index as HTML
  Rendered home/index.html.haml within layouts/application (0.3ms)
  Rendered layouts/_slidemenu.html.haml (1.1ms)
  Rendered layouts/_navigation.html.haml (0.8ms)
  Rendered layouts/_navigation.html.haml (1.0ms)
  Rendered layouts/_messages.html.haml (0.2ms)
  Rendered users/_form.html.haml (2.6ms)
  Rendered sessions/_register.html.haml (4.1ms)
  Rendered layouts/_footer.html.haml (0.5ms)
  Rendered layouts/_footer.html.haml (0.5ms)
Completed 200 OK in 93ms (Views: 92.7ms | ActiveRecord: 0.0ms)


Started GET "/" for 127.0.0.1 at 2015-12-27 19:24:29 -0300
Processing by HomeController#index as HTML
  Rendered home/index.html.haml within layouts/application (0.3ms)
  Rendered layouts/_slidemenu.html.haml (0.5ms)
  Rendered layouts/_navigation.html.haml (0.3ms)
  Rendered layouts/_navigation.html.haml (0.3ms)
  Rendered layouts/_messages.html.haml (0.1ms)
  Rendered users/_form.html.haml (1.1ms)
  Rendered sessions/_register.html.haml (2.0ms)
  Rendered layouts/_footer.html.haml (0.2ms)
  Rendered layouts/_footer.html.haml (0.1ms)
Completed 200 OK in 98ms (Views: 97.9ms | ActiveRecord: 0.0ms)


Started GET "/" for 127.0.0.1 at 2015-12-27 19:24:51 -0300
Processing by HomeController#index as HTML
  Rendered home/index.html.haml within layouts/application (0.4ms)
  Rendered layouts/_slidemenu.html.haml (0.5ms)
  Rendered layouts/_navigation.html.haml (0.4ms)
  Rendered layouts/_navigation.html.haml (0.5ms)
  Rendered layouts/_messages.html.haml (0.1ms)
  Rendered users/_form.html.haml (3.0ms)
  Rendered sessions/_register.html.haml (4.6ms)
  Rendered layouts/_footer.html.haml (0.4ms)
  Rendered layouts/_footer.html.haml (0.3ms)
Completed 200 OK in 86ms (Views: 86.1ms | ActiveRecord: 0.0ms)
